<?xml version="1.0" encoding="UTF-8"?>
<beans xmlns:xsi="http://www.w3.org/2001/XMLSchema-instance"
       xmlns:context="http://www.springframework.org/schema/context"
       xmlns="http://www.springframework.org/schema/beans"
       xsi:schemaLocation="http://www.springframework.org/schema/beans
       http://www.springframework.org/schema/beans/spring-beans.xsd http://www.springframework.org/schema/context http://www.springframework.org/schema/context/spring-context.xsd">

    <bean id="userService" class="org.easymock.EasyMock" factory-method="createMock">
        <constructor-arg value="com.epam.brest.course2015.service.UserService"/>
    </bean>

    <context:component-scan base-package="com.epam.brest.course2015.rest"/>

</beans>