<?xml version="1.0" encoding="UTF-8"?>
<beans xmlns="http://www.springframework.org/schema/beans"
       xmlns:xsi="http://www.w3.org/2001/XMLSchema-instance"
       xmlns:jdbc="http://www.springframework.org/schema/jdbc"
       xsi:schemaLocation="http://www.springframework.org/schema/beans
        http://www.springframework.org/schema/beans/spring-beans.xsd">

        <import resource="classpath*:test-spring-db.xml"/>

    <!--<bean id="dataSource" class="org.springframework.jdbc.datasource.DriverManagerDataSource">-->
        <!--<property name="driverClassName" value="${jdbc.driverClassName}"/>-->
        <!--<property name="url" value="${jdbc.url}"/>-->
        <!--<property name="username" value="${jdbc.username}"/>-->
        <!--<property name="password" value="${jdbc.password}"/>-->
    <!--</bean>-->

    <!--<jdbc:initialize-database data-source="dataSource">-->
        <!--<jdbc:script location="classpath*:create-tables.sql"/>-->
        <!--<jdbc:script location="classpath*:data-script.sql"/>-->
    <!--</jdbc:initialize-database>-->

    <!--<bean id="transactionManager" class="org.springframework.jdbc.datasource.DataSourceTransactionManager">-->
        <!--<property name="dataSource" ref="dataSource"/>-->
    <!--</bean>-->

        <bean class="org.springframework.beans.factory.config.PropertyPlaceholderConfigurer">
            <property name="locations">
                <list>
                    <value>classpath:app.properties</value>
                    <value>classpath:database.properties</value>
                </list>
            </property>
        </bean>

        <bean id="userDao" class="com.epam.brest.course2015.dao.UserDaoImpl">
            <constructor-arg ref="dataSource"/>
        </bean>

        <bean id="userService" class="com.epam.brest.course2015.service.UserServiceImpl">
            <property name="userDao" ref="userDao"/>
        </bean>

        </beans>